<?xml version="1.0" encoding="UTF-8"?>
<!-- Generated by org.testng.reporters.JUnitXMLReporter -->
<testsuite ignored="1" hostname="Jeeva" failures="0" tests="1" name="Default test" time="0.223" errors="0" timestamp="2024-07-28T17:32:21 IST">
  <testcase classname="apiParameters.DataConversion" name="testDeserialization" time="0.189"/>
  <testcase classname="apiParameters.DataConversion" name="testSerialization" time="0.0">
    <ignored/>
  </testcase> <!-- testSerialization -->
</testsuite> <!-- Default test -->
