<?xml version="1.0" encoding="UTF-8"?>
<!-- Generated by org.testng.reporters.JUnitXMLReporter -->
<testsuite ignored="0" hostname="Jeeva" failures="0" tests="3" name="HomePageTestCase" time="5.186" errors="0" timestamp="2024-07-15T23:00:53 IST">
  <testcase classname="com.CRMTestCases.HomePageTestCase" name="verifyUrl" time="0.048"/>
  <testcase classname="com.CRMTestCases.HomePageTestCase" name="verifyTitle" time="0.011"/>
  <testcase classname="com.CRMTestCases.HomePageTestCase" name="validateSignInLink" time="0.672"/>
</testsuite> <!-- HomePageTestCase -->
