<?xml version="1.0" encoding="UTF-8"?>
<!-- Generated by org.testng.reporters.JUnitXMLReporter -->
<testsuite ignored="0" hostname="Jeeva" failures="1" tests="1" name="LoginPageTestCase" time="4.825" errors="0" timestamp="2024-07-15T23:00:58 IST">
  <testcase classname="com.CRMTestCases.LoginPageTestCase" name="validateLogin" time="0.765">
    <failure type="java.lang.NullPointerException" message="Cannot invoke &amp;quot;org.openqa.selenium.WebDriver.getCurrentUrl()&amp;quot; because &amp;quot;this.driver&amp;quot; is null">
      <![CDATA[java.lang.NullPointerException: Cannot invoke "org.openqa.selenium.WebDriver.getCurrentUrl()" because "this.driver" is null
at com.CRMTestCases.LoginPageTestCase.validateLogin(LoginPageTestCase.java:29)
at java.base/java.util.ArrayList.forEach(ArrayList.java:1511)
... Removed 27 stack frames]]>
    </failure>
  </testcase> <!-- validateLogin -->
</testsuite> <!-- LoginPageTestCase -->
