<?xml version="1.0" encoding="UTF-8"?>
<testng-results ignored="1" total="2" passed="1" failed="0" skipped="0">
  <reporter-output>
  </reporter-output>
  <suite started-at="2024-07-28T17:32:20 IST" name="Default suite" finished-at="2024-07-28T17:32:20 IST" duration-ms="223">
    <groups>
    </groups>
    <test started-at="2024-07-28T17:32:20 IST" name="Default test" finished-at="2024-07-28T17:32:20 IST" duration-ms="223">
      <class name="apiParameters.DataConversion">
        <test-method signature="testDeserialization()[pri:0, instance:apiParameters.DataConversion@51e69659]" started-at="2024-07-28T17:32:20 IST" name="testDeserialization" finished-at="2024-07-28T17:32:20 IST" duration-ms="189" status="PASS">
          <reporter-output>
          </reporter-output>
        </test-method> <!-- testDeserialization -->
      </class> <!-- apiParameters.DataConversion -->
    </test> <!-- Default test -->
  </suite> <!-- Default suite -->
</testng-results>
