<?xml version="1.0" encoding="UTF-8"?>
<testng-results ignored="0" total="4" passed="3" failed="1" skipped="0">
  <reporter-output>
  </reporter-output>
  <suite started-at="2024-07-15T23:00:48 IST" name="Suite" finished-at="2024-07-15T23:00:58 IST" duration-ms="10052">
    <groups>
    </groups>
    <test started-at="2024-07-15T23:00:48 IST" name="HomePageTestCase" finished-at="2024-07-15T23:00:53 IST" duration-ms="5186">
      <class name="com.CRMTestCases.HomePageTestCase">
        <test-method is-config="true" signature="setup()[pri:0, instance:com.CRMTestCases.HomePageTestCase@3d9c13b5]" started-at="2024-07-15T23:00:48 IST" name="setup" finished-at="2024-07-15T23:00:53 IST" duration-ms="4354" status="PASS">
          <reporter-output>
          </reporter-output>
        </test-method> <!-- setup -->
        <test-method signature="verifyUrl()[pri:1, instance:com.CRMTestCases.HomePageTestCase@3d9c13b5]" started-at="2024-07-15T23:00:53 IST" name="verifyUrl" finished-at="2024-07-15T23:00:53 IST" duration-ms="48" status="PASS">
          <reporter-output>
          </reporter-output>
        </test-method> <!-- verifyUrl -->
        <test-method signature="verifyTitle()[pri:2, instance:com.CRMTestCases.HomePageTestCase@3d9c13b5]" started-at="2024-07-15T23:00:53 IST" name="verifyTitle" finished-at="2024-07-15T23:00:53 IST" duration-ms="11" status="PASS">
          <reporter-output>
          </reporter-output>
        </test-method> <!-- verifyTitle -->
        <test-method signature="validateSignInLink()[pri:3, instance:com.CRMTestCases.HomePageTestCase@3d9c13b5]" started-at="2024-07-15T23:00:53 IST" name="validateSignInLink" finished-at="2024-07-15T23:00:53 IST" duration-ms="672" status="PASS">
          <reporter-output>
          </reporter-output>
        </test-method> <!-- validateSignInLink -->
      </class> <!-- com.CRMTestCases.HomePageTestCase -->
    </test> <!-- HomePageTestCase -->
    <test started-at="2024-07-15T23:00:53 IST" name="LoginPageTestCase" finished-at="2024-07-15T23:00:58 IST" duration-ms="4825">
      <class name="com.CRMTestCases.LoginPageTestCase">
        <test-method is-config="true" signature="setup()[pri:0, instance:com.CRMTestCases.LoginPageTestCase@32c4e8b2]" started-at="2024-07-15T23:00:53 IST" name="setup" finished-at="2024-07-15T23:00:56 IST" duration-ms="2777" status="PASS">
          <reporter-output>
          </reporter-output>
        </test-method> <!-- setup -->
        <test-method is-config="true" signature="pageSetUp()[pri:0, instance:com.CRMTestCases.LoginPageTestCase@32c4e8b2]" started-at="2024-07-15T23:00:56 IST" name="pageSetUp" finished-at="2024-07-15T23:00:57 IST" duration-ms="1270" status="PASS">
          <reporter-output>
          </reporter-output>
        </test-method> <!-- pageSetUp -->
        <test-method signature="validateLogin()[pri:0, instance:com.CRMTestCases.LoginPageTestCase@32c4e8b2]" started-at="2024-07-15T23:00:57 IST" name="validateLogin" finished-at="2024-07-15T23:00:58 IST" duration-ms="765" status="FAIL">
          <exception class="java.lang.NullPointerException">
            <message>
              <![CDATA[Cannot invoke "org.openqa.selenium.WebDriver.getCurrentUrl()" because "this.driver" is null]]>
            </message>
            <full-stacktrace>
              <![CDATA[java.lang.NullPointerException: Cannot invoke "org.openqa.selenium.WebDriver.getCurrentUrl()" because "this.driver" is null
at com.CRMTestCases.LoginPageTestCase.validateLogin(LoginPageTestCase.java:29)
at java.base/jdk.internal.reflect.NativeMethodAccessorImpl.invoke0(Native Method)
at java.base/jdk.internal.reflect.NativeMethodAccessorImpl.invoke(NativeMethodAccessorImpl.java:77)
at java.base/jdk.internal.reflect.DelegatingMethodAccessorImpl.invoke(DelegatingMethodAccessorImpl.java:43)
at java.base/java.lang.reflect.Method.invoke(Method.java:568)
at org.testng.internal.invokers.MethodInvocationHelper.invokeMethod(MethodInvocationHelper.java:139)
at org.testng.internal.invokers.TestInvoker.invokeMethod(TestInvoker.java:677)
at org.testng.internal.invokers.TestInvoker.invokeTestMethod(TestInvoker.java:221)
at org.testng.internal.invokers.MethodRunner.runInSequence(MethodRunner.java:50)
at org.testng.internal.invokers.TestInvoker$MethodInvocationAgent.invoke(TestInvoker.java:969)
at org.testng.internal.invokers.TestInvoker.invokeTestMethods(TestInvoker.java:194)
at org.testng.internal.invokers.TestMethodWorker.invokeTestMethods(TestMethodWorker.java:148)
at org.testng.internal.invokers.TestMethodWorker.run(TestMethodWorker.java:128)
at java.base/java.util.ArrayList.forEach(ArrayList.java:1511)
at org.testng.TestRunner.privateRun(TestRunner.java:829)
at org.testng.TestRunner.run(TestRunner.java:602)
at org.testng.SuiteRunner.runTest(SuiteRunner.java:437)
at org.testng.SuiteRunner.runSequentially(SuiteRunner.java:431)
at org.testng.SuiteRunner.privateRun(SuiteRunner.java:391)
at org.testng.SuiteRunner.run(SuiteRunner.java:330)
at org.testng.SuiteRunnerWorker.runSuite(SuiteRunnerWorker.java:52)
at org.testng.SuiteRunnerWorker.run(SuiteRunnerWorker.java:95)
at org.testng.TestNG.runSuitesSequentially(TestNG.java:1256)
at org.testng.TestNG.runSuitesLocally(TestNG.java:1176)
at org.testng.TestNG.runSuites(TestNG.java:1099)
at org.testng.TestNG.run(TestNG.java:1067)
at org.testng.remote.AbstractRemoteTestNG.run(AbstractRemoteTestNG.java:115)
at org.testng.remote.RemoteTestNG.initAndRun(RemoteTestNG.java:293)
at org.testng.remote.RemoteTestNG.main(RemoteTestNG.java:91)
]]>
            </full-stacktrace>
          </exception> <!-- java.lang.NullPointerException -->
          <reporter-output>
          </reporter-output>
        </test-method> <!-- validateLogin -->
      </class> <!-- com.CRMTestCases.LoginPageTestCase -->
    </test> <!-- LoginPageTestCase -->
  </suite> <!-- Suite -->
</testng-results>
